#
# There is insufficient memory for the Java Runtime Environment to continue.
# Native memory allocation (mmap) failed to map 134742016 bytes for committing reserved memory.
# Possible reasons:
#   The system is out of physical RAM or swap space
#   In 32 bit mode, the process size limit was hit
# Possible solutions:
#   Reduce memory load on the system
#   Increase physical memory or swap space
#   Check if swap backing store is full
#   Use 64 bit Java on a 64 bit OS
#   Decrease Java heap size (-Xmx/-Xms)
#   Decrease number of Java threads
#   Decrease Java thread stack sizes (-Xss)
#   Set larger code cache with -XX:ReservedCodeCacheSize=
# This output file may be truncated or incomplete.
#
#  Out of Memory Error (os_linux.cpp:2643), pid=2969, tid=0x00007f1c470f0700
#
# JRE version: OpenJDK Runtime Environment (8.0_171-b11) (build 1.8.0_171-8u171-b11-0ubuntu0.17.10.1-b11)
# Java VM: OpenJDK 64-Bit Server VM (25.171-b11 mixed mode linux-amd64 compressed oops)
# Failed to write core dump. Core dumps have been disabled. To enable core dumping, try "ulimit -c unlimited" before starting Java again
#

---------------  T H R E A D  ---------------

Current thread (0x00007f1c64080000):  VMThread [stack: 0x00007f1c46ff0000,0x00007f1c470f1000] [id=2980]

Stack: [0x00007f1c46ff0000,0x00007f1c470f1000],  sp=0x00007f1c470ef490,  free space=1021k
Native frames: (J=compiled Java code, j=interpreted, Vv=VM code, C=native code)
V  [libjvm.so+0xaab4b2]
V  [libjvm.so+0x4d7a57]
V  [libjvm.so+0x8e6740]
V  [libjvm.so+0x8e0c9e]
V  [libjvm.so+0x9614b6]
V  [libjvm.so+0x962828]
V  [libjvm.so+0x95ee26]
V  [libjvm.so+0x95f1bc]
V  [libjvm.so+0x90d9f8]
V  [libjvm.so+0xaad172]
V  [libjvm.so+0xab1d56]
V  [libjvm.so+0xaafff5]
V  [libjvm.so+0xab096d]
V  [libjvm.so+0xab0d47]
V  [libjvm.so+0x8e3b92]

VM_Operation (0x00007f1c453e7b00): ParallelGCFailedAllocation, mode: safepoint, requested by thread 0x00007f1c0c003000


---------------  P R O C E S S  ---------------

Java Threads: ( => current thread )
  0x00007f1c0c003000 JavaThread "restartedMain" [_thread_blocked, id=2993, stack(0x00007f1c452ea000,0x00007f1c453eb000)]
  0x00007f1c6497b000 JavaThread "Thread-1" [_thread_blocked, id=2992, stack(0x00007f1c453eb000,0x00007f1c454ec000)]
  0x00007f1c64774800 JavaThread "RMI TCP Accept-0" daemon [_thread_in_native, id=2990, stack(0x00007f1c457ed000,0x00007f1c458ee000)]
  0x00007f1c6475b800 JavaThread "RMI TCP Accept-34491" daemon [_thread_in_native, id=2989, stack(0x00007f1c458ee000,0x00007f1c459ef000)]
  0x00007f1c64744800 JavaThread "RMI TCP Accept-0" daemon [_thread_in_native, id=2988, stack(0x00007f1c459ef000,0x00007f1c45af0000)]
  0x00007f1c640ea000 JavaThread "Service Thread" daemon [_thread_blocked, id=2987, stack(0x00007f1c4660d000,0x00007f1c4670e000)]
  0x00007f1c640c4800 JavaThread "C1 CompilerThread2" daemon [_thread_blocked, id=2986, stack(0x00007f1c4670e000,0x00007f1c4680f000)]
  0x00007f1c640c3000 JavaThread "C2 CompilerThread1" daemon [_thread_blocked, id=2985, stack(0x00007f1c4680f000,0x00007f1c46910000)]
  0x00007f1c640c0000 JavaThread "C2 CompilerThread0" daemon [_thread_blocked, id=2984, stack(0x00007f1c46910000,0x00007f1c46a11000)]
  0x00007f1c640be800 JavaThread "Signal Dispatcher" daemon [_thread_blocked, id=2983, stack(0x00007f1c46a11000,0x00007f1c46b12000)]
  0x00007f1c6408c000 JavaThread "Finalizer" daemon [_thread_blocked, id=2982, stack(0x00007f1c46dee000,0x00007f1c46eef000)]
  0x00007f1c64087800 JavaThread "Reference Handler" daemon [_thread_blocked, id=2981, stack(0x00007f1c46eef000,0x00007f1c46ff0000)]
  0x00007f1c64012800 JavaThread "main" [_thread_blocked, id=2975, stack(0x00007f1c6c0dd000,0x00007f1c6c1de000)]

Other Threads:
=>0x00007f1c64080000 VMThread [stack: 0x00007f1c46ff0000,0x00007f1c470f1000] [id=2980]
  0x00007f1c64777800 WatcherThread [stack: 0x00007f1c456ec000,0x00007f1c457ed000] [id=2991]

VM state:at safepoint (normal execution)

VM Mutex/Monitor currently owned by a thread:  ([mutex/lock_event])
[0x00007f1c6400edc0] Threads_lock - owner thread: 0x00007f1c64080000
[0x00007f1c6400f2c0] Heap_lock - owner thread: 0x00007f1c0c003000

Heap:
 PSYoungGen      total 378368K, used 512K [0x00000000d7000000, 0x00000000f0500000, 0x0000000100000000)
  eden space 366080K, 0% used [0x00000000d7000000,0x00000000d7000000,0x00000000ed580000)
  from space 12288K, 4% used [0x00000000eed00000,0x00000000eed80000,0x00000000ef900000)
  to   space 512K, 0% used [0x00000000f0480000,0x00000000f0480000,0x00000000f0500000)
 ParOldGen       total 62464K, used 16434K [0x0000000085000000, 0x0000000088d00000, 0x00000000d7000000)
  object space 62464K, 26% used [0x0000000085000000,0x000000008600c9e0,0x0000000088d00000)
 Metaspace       used 20988K, capacity 21338K, committed 21680K, reserved 1069056K
  class space    used 2613K, capacity 2723K, committed 2816K, reserved 1048576K

Card table byte_map: [0x00007f1c68306000,0x00007f1c686df000] byte_map_base: 0x00007f1c67ede000

Marking Bits: (ParMarkBitMap*) 0x00007f1c6b386140
 Begin Bits: [0x00007f1c4c280000, 0x00007f1c4e140000)
 End Bits:   [0x00007f1c4e140000, 0x00007f1c50000000)

Polling page: 0x00007f1c6c1f6000

CodeCache: size=245760Kb used=5166Kb max_used=5166Kb free=240594Kb
 bounds [0x00007f1c55000000, 0x00007f1c55510000, 0x00007f1c64000000]
 total_blobs=2665 nmethods=2287 adapters=292
 compilation: enabled

Compilation events (10 events):
Event: 59.761 Thread 0x00007f1c640c4800 2305       1       org.springframework.beans.factory.support.BeanDefinitionBuilder::getRawBeanDefinition (5 bytes)
Event: 59.761 Thread 0x00007f1c640c4800 nmethod 2305 0x00007f1c5550a0d0 code [0x00007f1c5550a220, 0x00007f1c5550a330]
Event: 60.156 Thread 0x00007f1c640c4800 2306       1       org.springframework.data.repository.config.DefaultRepositoryConfiguration::getRepositoryInterface (10 bytes)
Event: 60.158 Thread 0x00007f1c640c4800 nmethod 2306 0x00007f1c5550a390 code [0x00007f1c5550a500, 0x00007f1c5550a768]
Event: 61.646 Thread 0x00007f1c640c4800 2307       1       java.beans.Introspector::decapitalize (68 bytes)
Event: 61.650 Thread 0x00007f1c640c4800 nmethod 2307 0x00007f1c5550a8d0 code [0x00007f1c5550ab00, 0x00007f1c5550b278]
Event: 61.754 Thread 0x00007f1c640c4800 2308       1       sun.misc.URLClassPath$1::hasMoreElements (5 bytes)
Event: 61.755 Thread 0x00007f1c640c4800 nmethod 2308 0x00007f1c5550b890 code [0x00007f1c5550ba00, 0x00007f1c5550bb28]
Event: 62.410 Thread 0x00007f1c640c4800 2309       1       sun.util.locale.BaseLocale::equals (71 bytes)
Event: 62.411 Thread 0x00007f1c640c4800 nmethod 2309 0x00007f1c5550bb90 code [0x00007f1c5550bd00, 0x00007f1c5550bf10]

GC Heap History (10 events):
Event: 15.830 GC heap after
Heap after GC invocations=7 (full 0):
 PSYoungGen      total 135168K, used 7634K [0x00000000d7000000, 0x00000000e7900000, 0x0000000100000000)
  eden space 126464K, 0% used [0x00000000d7000000,0x00000000d7000000,0x00000000deb80000)
  from space 8704K, 87% used [0x00000000deb80000,0x00000000df2f4a38,0x00000000df400000)
  to   space 9216K, 0% used [0x00000000e7000000,0x00000000e7000000,0x00000000e7900000)
 ParOldGen       total 84992K, used 5976K [0x0000000085000000, 0x000000008a300000, 0x00000000d7000000)
  object space 84992K, 7% used [0x0000000085000000,0x00000000855d6010,0x000000008a300000)
 Metaspace       used 19161K, capacity 19454K, committed 19584K, reserved 1067008K
  class space    used 2331K, capacity 2425K, committed 2432K, reserved 1048576K
}
Event: 19.176 GC heap before
{Heap before GC invocations=8 (full 0):
 PSYoungGen      total 135168K, used 134098K [0x00000000d7000000, 0x00000000e7900000, 0x0000000100000000)
  eden space 126464K, 100% used [0x00000000d7000000,0x00000000deb80000,0x00000000deb80000)
  from space 8704K, 87% used [0x00000000deb80000,0x00000000df2f4a38,0x00000000df400000)
  to   space 9216K, 0% used [0x00000000e7000000,0x00000000e7000000,0x00000000e7900000)
 ParOldGen       total 84992K, used 5976K [0x0000000085000000, 0x000000008a300000, 0x00000000d7000000)
  object space 84992K, 7% used [0x0000000085000000,0x00000000855d6010,0x000000008a300000)
 Metaspace       used 20068K, capacity 20328K, committed 20480K, reserved 1067008K
  class space    used 2464K, capacity 2560K, committed 2560K, reserved 1048576K
Event: 19.189 GC heap after
Heap after GC invocations=8 (full 0):
 PSYoungGen      total 260608K, used 9211K [0x00000000d7000000, 0x00000000e7c00000, 0x0000000100000000)
  eden space 251392K, 0% used [0x00000000d7000000,0x00000000d7000000,0x00000000e6580000)
  from space 9216K, 99% used [0x00000000e7000000,0x00000000e78fed00,0x00000000e7900000)
  to   space 10752K, 0% used [0x00000000e6580000,0x00000000e6580000,0x00000000e7000000)
 ParOldGen       total 84992K, used 7108K [0x0000000085000000, 0x000000008a300000, 0x00000000d7000000)
  object space 84992K, 8% used [0x0000000085000000,0x00000000856f1008,0x000000008a300000)
 Metaspace       used 20068K, capacity 20328K, committed 20480K, reserved 1067008K
  class space    used 2464K, capacity 2560K, committed 2560K, reserved 1048576K
}
Event: 50.337 GC heap before
{Heap before GC invocations=9 (full 0):
 PSYoungGen      total 260608K, used 180984K [0x00000000d7000000, 0x00000000e7c00000, 0x0000000100000000)
  eden space 251392K, 68% used [0x00000000d7000000,0x00000000e17bf440,0x00000000e6580000)
  from space 9216K, 99% used [0x00000000e7000000,0x00000000e78fed00,0x00000000e7900000)
  to   space 10752K, 0% used [0x00000000e6580000,0x00000000e6580000,0x00000000e7000000)
 ParOldGen       total 84992K, used 7108K [0x0000000085000000, 0x000000008a300000, 0x00000000d7000000)
  object space 84992K, 8% used [0x0000000085000000,0x00000000856f1008,0x000000008a300000)
 Metaspace       used 20780K, capacity 21070K, committed 21296K, reserved 1069056K
  class space    used 2575K, capacity 2657K, committed 2688K, reserved 1048576K
Event: 50.379 GC heap after
Heap after GC invocations=9 (full 0):
 PSYoungGen      total 262144K, used 9761K [0x00000000d7000000, 0x00000000f1000000, 0x0000000100000000)
  eden space 251392K, 0% used [0x00000000d7000000,0x00000000d7000000,0x00000000e6580000)
  from space 10752K, 90% used [0x00000000e6580000,0x00000000e6f086d8,0x00000000e7000000)
  to   space 11776K, 0% used [0x00000000f0480000,0x00000000f0480000,0x00000000f1000000)
 ParOldGen       total 84992K, used 9036K [0x0000000085000000, 0x000000008a300000, 0x00000000d7000000)
  object space 84992K, 10% used [0x0000000085000000,0x00000000858d3030,0x000000008a300000)
 Metaspace       used 20780K, capacity 21070K, committed 21296K, reserved 1069056K
  class space    used 2575K, capacity 2657K, committed 2688K, reserved 1048576K
}
Event: 50.379 GC heap before
{Heap before GC invocations=10 (full 1):
 PSYoungGen      total 262144K, used 9761K [0x00000000d7000000, 0x00000000f1000000, 0x0000000100000000)
  eden space 251392K, 0% used [0x00000000d7000000,0x00000000d7000000,0x00000000e6580000)
  from space 10752K, 90% used [0x00000000e6580000,0x00000000e6f086d8,0x00000000e7000000)
  to   space 11776K, 0% used [0x00000000f0480000,0x00000000f0480000,0x00000000f1000000)
 ParOldGen       total 84992K, used 9036K [0x0000000085000000, 0x000000008a300000, 0x00000000d7000000)
  object space 84992K, 10% used [0x0000000085000000,0x00000000858d3030,0x000000008a300000)
 Metaspace       used 20780K, capacity 21070K, committed 21296K, reserved 1069056K
  class space    used 2575K, capacity 2657K, committed 2688K, reserved 1048576K
Event: 51.271 GC heap after
Heap after GC invocations=10 (full 1):
 PSYoungGen      total 262144K, used 0K [0x00000000d7000000, 0x00000000f1000000, 0x0000000100000000)
  eden space 251392K, 0% used [0x00000000d7000000,0x00000000d7000000,0x00000000e6580000)
  from space 10752K, 0% used [0x00000000e6580000,0x00000000e6580000,0x00000000e7000000)
  to   space 11776K, 0% used [0x00000000f0480000,0x00000000f0480000,0x00000000f1000000)
 ParOldGen       total 62464K, used 16210K [0x0000000085000000, 0x0000000088d00000, 0x00000000d7000000)
  object space 62464K, 25% used [0x0000000085000000,0x0000000085fd49e0,0x0000000088d00000)
 Metaspace       used 20780K, capacity 21070K, committed 21296K, reserved 1069056K
  class space    used 2575K, capacity 2657K, committed 2688K, reserved 1048576K
}
Event: 56.236 GC heap before
{Heap before GC invocations=11 (full 1):
 PSYoungGen      total 262144K, used 251392K [0x00000000d7000000, 0x00000000f1000000, 0x0000000100000000)
  eden space 251392K, 100% used [0x00000000d7000000,0x00000000e6580000,0x00000000e6580000)
  from space 10752K, 0% used [0x00000000e6580000,0x00000000e6580000,0x00000000e7000000)
  to   space 11776K, 0% used [0x00000000f0480000,0x00000000f0480000,0x00000000f1000000)
 ParOldGen       total 62464K, used 16210K [0x0000000085000000, 0x0000000088d00000, 0x00000000d7000000)
  object space 62464K, 25% used [0x0000000085000000,0x0000000085fd49e0,0x0000000088d00000)
 Metaspace       used 20873K, capacity 21198K, committed 21424K, reserved 1069056K
  class space    used 2593K, capacity 2721K, committed 2816K, reserved 1048576K
Event: 57.029 GC heap after
Heap after GC invocations=11 (full 1):
 PSYoungGen      total 366592K, used 416K [0x00000000d7000000, 0x00000000f0500000, 0x0000000100000000)
  eden space 366080K, 0% used [0x00000000d7000000,0x00000000d7000000,0x00000000ed580000)
  from space 512K, 81% used [0x00000000f0480000,0x00000000f04e8000,0x00000000f0500000)
  to   space 12288K, 0% used [0x00000000eed00000,0x00000000eed00000,0x00000000ef900000)
 ParOldGen       total 62464K, used 16218K [0x0000000085000000, 0x0000000088d00000, 0x00000000d7000000)
  object space 62464K, 25% used [0x0000000085000000,0x0000000085fd69e0,0x0000000088d00000)
 Metaspace       used 20873K, capacity 21198K, committed 21424K, reserved 1069056K
  class space    used 2593K, capacity 2721K, committed 2816K, reserved 1048576K
}
Event: 62.456 GC heap before
{Heap before GC invocations=12 (full 1):
 PSYoungGen      total 366592K, used 366496K [0x00000000d7000000, 0x00000000f0500000, 0x0000000100000000)
  eden space 366080K, 100% used [0x00000000d7000000,0x00000000ed580000,0x00000000ed580000)
  from space 512K, 81% used [0x00000000f0480000,0x00000000f04e8000,0x00000000f0500000)
  to   space 12288K, 0% used [0x00000000eed00000,0x00000000eed00000,0x00000000ef900000)
 ParOldGen       total 62464K, used 16218K [0x0000000085000000, 0x0000000088d00000, 0x00000000d7000000)
  object space 62464K, 25% used [0x0000000085000000,0x0000000085fd69e0,0x0000000088d00000)
 Metaspace       used 20988K, capacity 21338K, committed 21680K, reserved 1069056K
  class space    used 2613K, capacity 2723K, committed 2816K, reserved 1048576K

Deoptimization events (0 events):
No events

Classes redefined (0 events):
No events

Internal exceptions (10 events):
Event: 8.333 Thread 0x00007f1c0007b000 Exception <a 'java/lang/ArrayIndexOutOfBoundsException'> (0x00000000d9ff9818) thrown at [/build/openjdk-8-QGp3nu/openjdk-8-8u171-b11/src/hotspot/src/share/vm/runtime/sharedRuntime.cpp, line 605]
Event: 8.335 Thread 0x00007f1c0007b000 Exception <a 'java/lang/ArrayIndexOutOfBoundsException'> (0x00000000da01a0c8) thrown at [/build/openjdk-8-QGp3nu/openjdk-8-8u171-b11/src/hotspot/src/share/vm/runtime/sharedRuntime.cpp, line 605]
Event: 16.176 Thread 0x00007f1c0c003000 Exception <a 'java/security/PrivilegedActionException'> (0x00000000d7bb9108) thrown at [/build/openjdk-8-QGp3nu/openjdk-8-8u171-b11/src/hotspot/src/share/vm/prims/jvm.cpp, line 1435]
Event: 16.176 Thread 0x00007f1c0c003000 Exception <a 'java/security/PrivilegedActionException'> (0x00000000d7bb9500) thrown at [/build/openjdk-8-QGp3nu/openjdk-8-8u171-b11/src/hotspot/src/share/vm/prims/jvm.cpp, line 1435]
Event: 18.722 Thread 0x00007f1c0c003000 Exception <a 'java/lang/ArrayIndexOutOfBoundsException'> (0x00000000dd4086e8) thrown at [/build/openjdk-8-QGp3nu/openjdk-8-8u171-b11/src/hotspot/src/share/vm/runtime/sharedRuntime.cpp, line 605]
Event: 18.722 Thread 0x00007f1c0c003000 Exception <a 'java/lang/ArrayIndexOutOfBoundsException'> (0x00000000dd409dd8) thrown at [/build/openjdk-8-QGp3nu/openjdk-8-8u171-b11/src/hotspot/src/share/vm/runtime/sharedRuntime.cpp, line 605]
Event: 18.980 Thread 0x00007f1c0c003000 Exception <a 'java/lang/ArrayIndexOutOfBoundsException'> (0x00000000de6765b0) thrown at [/build/openjdk-8-QGp3nu/openjdk-8-8u171-b11/src/hotspot/src/share/vm/runtime/sharedRuntime.cpp, line 605]
Event: 20.021 Thread 0x00007f1c0c003000 Exception <a 'java/lang/ArrayIndexOutOfBoundsException'> (0x00000000d7dafcf0) thrown at [/build/openjdk-8-QGp3nu/openjdk-8-8u171-b11/src/hotspot/src/share/vm/runtime/sharedRuntime.cpp, line 605]
Event: 20.030 Thread 0x00007f1c0c003000 Exception <a 'java/lang/ArrayIndexOutOfBoundsException'> (0x00000000d7e09108) thrown at [/build/openjdk-8-QGp3nu/openjdk-8-8u171-b11/src/hotspot/src/share/vm/runtime/sharedRuntime.cpp, line 605]
Event: 20.030 Thread 0x00007f1c0c003000 Exception <a 'java/lang/ArrayIndexOutOfBoundsException'> (0x00000000d7e0a028) thrown at [/build/openjdk-8-QGp3nu/openjdk-8-8u171-b11/src/hotspot/src/share/vm/runtime/sharedRuntime.cpp, line 605]

Events (10 events):
Event: 51.536 loading class org/springframework/beans/factory/parsing/BeanComponentDefinition
Event: 51.536 loading class org/springframework/beans/factory/parsing/BeanComponentDefinition done
Event: 51.592 loading class org/springframework/beans/factory/parsing/ComponentDefinition
Event: 51.592 loading class org/springframework/beans/factory/parsing/ComponentDefinition done
Event: 51.597 Executing VM operation: Deoptimize
Event: 51.597 Executing VM operation: Deoptimize done
Event: 51.731 Thread 0x00007f1c640c4800 flushing nmethod 0x00007f1c553b8710
Event: 56.236 Executing VM operation: ParallelGCFailedAllocation
Event: 57.029 Executing VM operation: ParallelGCFailedAllocation done
Event: 62.456 Executing VM operation: ParallelGCFailedAllocation


Dynamic libraries:
85000000-88d00000 rw-p 00000000 00:00 0 
88d00000-d7000000 ---p 00000000 00:00 0 
d7000000-f0500000 rw-p 00000000 00:00 0 
f8580000-100000000 ---p 00000000 00:00 0 
100000000-1002c0000 rw-p 00000000 00:00 0 
1002c0000-140000000 ---p 00000000 00:00 0 
56262263b000-56262263c000 r-xp 00000000 08:02 921385                     /usr/lib/jvm/java-8-openjdk-amd64/jre/bin/java
56262283b000-56262283c000 r--p 00000000 08:02 921385                     /usr/lib/jvm/java-8-openjdk-amd64/jre/bin/java
56262283c000-56262283d000 rw-p 00001000 08:02 921385                     /usr/lib/jvm/java-8-openjdk-amd64/jre/bin/java
5626239c8000-5626239e9000 rw-p 00000000 00:00 0                          [heap]
7f1c00000000-7f1c003f9000 rw-p 00000000 00:00 0 
7f1c003f9000-7f1c04000000 ---p 00000000 00:00 0 
7f1c04000000-7f1c04190000 rw-p 00000000 00:00 0 
7f1c04190000-7f1c08000000 ---p 00000000 00:00 0 
7f1c08000000-7f1c08021000 rw-p 00000000 00:00 0 
7f1c08021000-7f1c0c000000 ---p 00000000 00:00 0 
7f1c0c000000-7f1c0c021000 rw-p 00000000 00:00 0 
7f1c0c021000-7f1c10000000 ---p 00000000 00:00 0 
7f1c10000000-7f1c10021000 rw-p 00000000 00:00 0 
7f1c10021000-7f1c14000000 ---p 00000000 00:00 0 
7f1c14000000-7f1c14021000 rw-p 00000000 00:00 0 
7f1c14021000-7f1c18000000 ---p 00000000 00:00 0 
7f1c18000000-7f1c18021000 rw-p 00000000 00:00 0 
7f1c18021000-7f1c1c000000 ---p 00000000 00:00 0 
7f1c1c000000-7f1c1c021000 rw-p 00000000 00:00 0 
7f1c1c021000-7f1c20000000 ---p 00000000 00:00 0 
7f1c20000000-7f1c20021000 rw-p 00000000 00:00 0 
7f1c20021000-7f1c24000000 ---p 00000000 00:00 0 
7f1c24000000-7f1c2464a000 rw-p 00000000 00:00 0 
7f1c2464a000-7f1c28000000 ---p 00000000 00:00 0 
7f1c28000000-7f1c28021000 rw-p 00000000 00:00 0 
7f1c28021000-7f1c2c000000 ---p 00000000 00:00 0 
7f1c2c000000-7f1c2c026000 rw-p 00000000 00:00 0 
7f1c2c026000-7f1c30000000 ---p 00000000 00:00 0 
7f1c30000000-7f1c30021000 rw-p 00000000 00:00 0 
7f1c30021000-7f1c34000000 ---p 00000000 00:00 0 
7f1c34000000-7f1c34021000 rw-p 00000000 00:00 0 
7f1c34021000-7f1c38000000 ---p 00000000 00:00 0 
7f1c38000000-7f1c38021000 rw-p 00000000 00:00 0 
7f1c38021000-7f1c3c000000 ---p 00000000 00:00 0 
7f1c3c000000-7f1c3c021000 rw-p 00000000 00:00 0 
7f1c3c021000-7f1c40000000 ---p 00000000 00:00 0 
7f1c40000000-7f1c40021000 rw-p 00000000 00:00 0 
7f1c40021000-7f1c44000000 ---p 00000000 00:00 0 
7f1c447d6000-7f1c44842000 rw-p 00000000 00:00 0 
7f1c44842000-7f1c449d6000 ---p 00000000 00:00 0 
7f1c449d6000-7f1c44bd6000 rw-p 00000000 00:00 0 
7f1c44bd6000-7f1c44dd6000 rw-p 00000000 00:00 0 
7f1c44dd6000-7f1c44fd6000 rw-p 00000000 00:00 0 
7f1c44fd6000-7f1c451d6000 rw-p 00000000 00:00 0 
7f1c451d6000-7f1c451d9000 ---p 00000000 00:00 0 
7f1c451d9000-7f1c452d7000 rw-p 00000000 00:00 0 
7f1c452d7000-7f1c452ea000 r--s 00346000 08:02 921518                     /usr/lib/jvm/java-8-openjdk-amd64/jre/lib/resources.jar
7f1c452ea000-7f1c452ed000 ---p 00000000 00:00 0 
7f1c452ed000-7f1c453eb000 rw-p 00000000 00:00 0 
7f1c453eb000-7f1c453ee000 ---p 00000000 00:00 0 
7f1c453ee000-7f1c456ec000 rw-p 00000000 00:00 0 
7f1c456ec000-7f1c456ed000 ---p 00000000 00:00 0 
7f1c456ed000-7f1c457ed000 rw-p 00000000 00:00 0 
7f1c457ed000-7f1c457f0000 ---p 00000000 00:00 0 
7f1c457f0000-7f1c458ee000 rw-p 00000000 00:00 0 
7f1c458ee000-7f1c458f1000 ---p 00000000 00:00 0 
7f1c458f1000-7f1c459ef000 rw-p 00000000 00:00 0 
7f1c459ef000-7f1c459f2000 ---p 00000000 00:00 0 
7f1c459f2000-7f1c45af0000 rw-p 00000000 00:00 0 
7f1c45af0000-7f1c45af5000 r--s 0009d000 08:02 921514                     /usr/lib/jvm/java-8-openjdk-amd64/jre/lib/jsse.jar
7f1c45af5000-7f1c45af6000 r--s 0000f000 08:02 18482454                   /home/ats-12/.m2/repository/org/json/json/20140107/json-20140107.jar
7f1c45af6000-7f1c45af8000 r--s 00005000 08:02 17827525                   /home/ats-12/.m2/repository/stax/stax-api/1.0.1/stax-api-1.0.1.jar
7f1c45af8000-7f1c45b36000 r--s 0025d000 08:02 17827523                   /home/ats-12/.m2/repository/org/apache/xmlbeans/xmlbeans/2.6.0/xmlbeans-2.6.0.jar
7f1c45b36000-7f1c45bef000 r--s 004a9000 08:02 17827521                   /home/ats-12/.m2/repository/org/apache/poi/poi-ooxml-schemas/3.13/poi-ooxml-schemas-3.13.jar
7f1c45bef000-7f1c45bfd000 r--s 00109000 08:02 17827515                   /home/ats-12/.m2/repository/org/apache/poi/poi-ooxml/3.13/poi-ooxml-3.13.jar
7f1c45bfd000-7f1c45c0d000 r--s 000a8000 08:02 18482452                   /home/ats-12/.m2/repository/org/apache/commons/commons-collections4/4.1/commons-collections4-4.1.jar
7f1c45c0d000-7f1c45c14000 r--s 0003f000 08:02 18482450                   /home/ats-12/.m2/repository/commons-codec/commons-codec/1.10/commons-codec-1.10.jar
7f1c45c14000-7f1c45c3e000 r--s 0024c000 08:02 18482448                   /home/ats-12/.m2/repository/org/apache/poi/poi/3.15/poi-3.15.jar
7f1c45c3e000-7f1c45c3f000 r--s 00005000 08:02 18482446                   /home/ats-12/.m2/repository/com/googlecode/json-simple/json-simple/1.1.1/json-simple-1.1.1.jar
7f1c45c3f000-7f1c45c41000 r--s 00004000 08:02 17826736                   /home/ats-12/.m2/repository/com/ganyo/gcm-server/1.0.2/gcm-server-1.0.2.jar
7f1c45c41000-7f1c45c62000 r--s 000e5000 08:02 18482444                   /home/ats-12/.m2/repository/org/springframework/boot/spring-boot-autoconfigure/1.5.6.RELEASE/spring-boot-autoconfigure-1.5.6.RELEASE.jar
7f1c45c62000-7f1c45c72000 r--s 00095000 08:02 18482442                   /home/ats-12/.m2/repository/org/springframework/boot/spring-boot/1.5.6.RELEASE/spring-boot-1.5.6.RELEASE.jar
7f1c45c72000-7f1c45c78000 r--s 0002f000 08:02 18482440                   /home/ats-12/.m2/repository/org/springframework/boot/spring-boot-devtools/1.5.6.RELEASE/spring-boot-devtools-1.5.6.RELEASE.jar
7f1c45c78000-7f1c45c7c000 r--s 00035000 08:02 18482438                   /home/ats-12/.m2/repository/org/codehaus/jackson/jackson-core-asl/1.9.13/jackson-core-asl-1.9.13.jar
7f1c45c7c000-7f1c45c8a000 r--s 000b1000 08:02 18482436                   /home/ats-12/.m2/repository/org/codehaus/jackson/jackson-mapper-asl/1.9.13/jackson-mapper-asl-1.9.13.jar
7f1c45c8a000-7f1c45ca1000 r--s 000fc000 08:02 18482432                   /home/ats-12/.m2/repository/org/springframework/spring-core/4.3.10.RELEASE/spring-core-4.3.10.RELEASE.jar
7f1c45ca1000-7f1c45ca3000 r--s 00009000 08:02 18482424                   /home/ats-12/.m2/repository/org/hamcrest/hamcrest-core/1.3/hamcrest-core-1.3.jar
7f1c45ca3000-7f1c45cab000 r--s 00045000 08:02 18482416                   /home/ats-12/.m2/repository/junit/junit/4.12/junit-4.12.jar
7f1c45cab000-7f1c45cb1000 r--s 00037000 08:02 18482400                   /home/ats-12/.m2/repository/org/apache/tomcat/embed/tomcat-embed-websocket/8.5.16/tomcat-embed-websocket-8.5.16.jar
7f1c45cb1000-7f1c45cb6000 r--s 00036000 08:02 18482398                   /home/ats-12/.m2/repository/org/apache/tomcat/embed/tomcat-embed-el/8.5.16/tomcat-embed-el-8.5.16.jar
7f1c45cb6000-7f1c45cdf000 r--s 002c2000 08:02 18482396                   /home/ats-12/.m2/repository/org/apache/tomcat/embed/tomcat-embed-core/8.5.16/tomcat-embed-core-8.5.16.jar
7f1c45cdf000-7f1c45ce0000 r--s 00000000 08:02 18482394                   /home/ats-12/.m2/repository/org/springframework/boot/spring-boot-starter-tomcat/1.5.6.RELEASE/spring-boot-starter-tomcat-1.5.6.RELEASE.jar
7f1c45ce0000-7f1c45ce9000 r--s 000eb000 08:02 18482392                   /home/ats-12/.m2/repository/mysql/mysql-connector-java/5.1.43/mysql-connector-java-5.1.43.jar
7f1c45ce9000-7f1c45cee000 r--s 0003c000 08:02 18482390                   /home/ats-12/.m2/repository/org/springframework/spring-expression/4.3.10.RELEASE/spring-expression-4.3.10.RELEASE.jar
7f1c45cee000-7f1c45cff000 r--s 000cf000 08:02 18482388                   /home/ats-12/.m2/repository/org/springframework/spring-webmvc/4.3.10.RELEASE/spring-webmvc-4.3.10.RELEASE.jar
7f1c45cff000-7f1c45d10000 r--s 000b8000 08:02 18482386                   /home/ats-12/.m2/repository/org/springframework/spring-web/4.3.10.RELEASE/spring-web-4.3.10.RELEASE.jar
7f1c45d10000-7f1c45d12000 r--s 0000e000 08:02 18482384                   /home/ats-12/.m2/repository/com/fasterxml/classmate/1.3.3/classmate-1.3.3.jar
7f1c45d12000-7f1c45d16000 r--s 0000c000 08:02 18482382                   /home/ats-12/.m2/repository/javax/validation/validation-api/1.1.0.Final/validation-api-1.1.0.Final.jar
7f1c45d16000-7f1c45d27000 r--s 000a1000 08:02 18482380                   /home/ats-12/.m2/repository/org/hibernate/hibernate-validator/5.3.5.Final/hibernate-validator-5.3.5.Final.jar
7f1c45d27000-7f1c45d28000 r--s 00000000 08:02 18482378                   /home/ats-12/.m2/repository/org/springframework/boot/spring-boot-starter-web/1.5.6.RELEASE/spring-boot-starter-web-1.5.6.RELEASE.jar
7f1c45d28000-7f1c45d2a000 r--s 00002000 08:02 18482376                   /home/ats-12/.m2/repository/org/atteo/evo-inflector/1.2.2/evo-inflector-1.2.2.jar
7f1c45d2a000-7f1c45d2b000 r--s 00004000 08:02 18482374                   /home/ats-12/.m2/repository/org/springframework/plugin/spring-plugin-core/1.2.0.RELEASE/spring-plugin-core-1.2.0.RELEASE.jar
7f1c45d2b000-7f1c45d30000 r--s 0002d000 08:02 18482372                   /home/ats-12/.m2/repository/org/springframework/hateoas/spring-hateoas/0.23.0.RELEASE/spring-hateoas-0.23.0.RELEASE.jar
7f1c45d30000-7f1c45d35000 r--s 0001b000 08:02 18482370                   /home/ats-12/.m2/repository/org/springframework/data/spring-data-rest-core/2.6.6.RELEASE/spring-data-rest-core-2.6.6.RELEASE.jar
7f1c45d35000-7f1c45d3c000 r--s 00046000 08:02 18482368                   /home/ats-12/.m2/repository/org/springframework/data/spring-data-rest-webmvc/2.6.6.RELEASE/spring-data-rest-webmvc-2.6.6.RELEASE.jar
7f1c45d3c000-7f1c45d40000 r--s 00042000 08:02 18482366                   /home/ats-12/.m2/repository/com/fasterxml/jackson/core/jackson-core/2.8.9/jackson-core-2.8.9.jar
7f1c45d40000-7f1c45d52000 r--s 0011e000 08:02 18482364                   /home/ats-12/.m2/repository/com/fasterxml/jackson/core/jackson-databind/2.8.9/jackson-databind-2.8.9.jar
7f1c45d52000-7f1c45d55000 r--s 0000b000 08:02 18482362                   /home/ats-12/.m2/repository/com/fasterxml/jackson/core/jackson-annotations/2.8.0/jackson-annotations-2.8.0.jar
7f1c45d55000-7f1c45d56000 r--s 00000000 08:02 18482360                   /home/ats-12/.m2/repository/org/springframework/boot/spring-boot-starter-data-rest/1.5.6.RELEASE/spring-boot-starter-data-rest-1.5.6.RELEASE.jar
7f1c45d56000-7f1c45d59000 r--s 0000c000 08:02 18482358                   /home/ats-12/.m2/repository/org/springframework/spring-aspects/4.3.10.RELEASE/spring-aspects-4.3.10.RELEASE.jar
7f1c45d59000-7f1c45d5b000 r--s 00003000 08:02 18482356                   /home/ats-12/.m2/repository/org/slf4j/jcl-over-slf4j/1.7.25/jcl-over-slf4j-1.7.25.jar
7f1c45d5b000-7f1c45d5d000 r--s 00009000 08:02 18482354                   /home/ats-12/.m2/repository/org/slf4j/slf4j-api/1.7.25/slf4j-api-1.7.25.jar
7f1c45d5d000-7f1c45d6b000 r--s 000ad000 08:02 18482352                   /home/ats-12/.m2/repository/org/springframework/spring-beans/4.3.10.RELEASE/spring-beans-4.3.10.RELEASE.jar
7f1c45d6b000-7f1c45d73000 r--s 0003a000 08:02 18482350                   /home/ats-12/.m2/repository/org/springframework/spring-tx/4.3.10.RELEASE/spring-tx-4.3.10.RELEASE.jar
7f1c45d73000-7f1c45d8c000 r--s 000fe000 08:02 18482348                   /home/ats-12/.m2/repository/org/springframework/spring-context/4.3.10.RELEASE/spring-context-4.3.10.RELEASE.jar
7f1c45d8c000-7f1c45d96000 r--s 0006b000 08:02 18482346                   /home/ats-12/.m2/repository/org/springframework/spring-orm/4.3.10.RELEASE/spring-orm-4.3.10.RELEASE.jar
7f1c45d96000-7f1c45da8000 r--s 000ad000 08:02 18482344                   /home/ats-12/.m2/repository/org/springframework/data/spring-data-commons/1.13.6.RELEASE/spring-data-commons-1.13.6.RELEASE.jar
7f1c45da8000-7f1c45daf000 r--s 00040000 08:02 18482342                   /home/ats-12/.m2/repository/org/springframework/data/spring-data-jpa/1.11.6.RELEASE/spring-data-jpa-1.11.6.RELEASE.jar
7f1c45daf000-7f1c45db1000 r--s 00006000 08:02 18482340                   /home/ats-12/.m2/repository/javax/transaction/javax.transaction-api/1.2/javax.transaction-api-1.2.jar
7f1c45db1000-7f1c45dbe000 r--s 00089000 08:02 18482338                   /home/ats-12/.m2/repository/org/hibernate/hibernate-entitymanager/5.0.12.Final/hibernate-entitymanager-5.0.12.Final.jar
7f1c45dbe000-7f1c45dc1000 r--s 00010000 08:02 18482336                   /home/ats-12/.m2/repository/org/hibernate/common/hibernate-commons-annotations/5.0.1.Final/hibernate-commons-annotations-5.0.1.Final.jar
7f1c45dc1000-7f1c45dc6000 r--s 00048000 08:02 18482334                   /home/ats-12/.m2/repository/dom4j/dom4j/1.6.1/dom4j-1.6.1.jar
7f1c45dc6000-7f1c45dc9000 r--s 0002b000 08:02 18482332                   /home/ats-12/.m2/repository/org/jboss/jandex/2.0.0.Final/jandex-2.0.0.Final.jar
7f1c45dc9000-7f1c45dce000 r--s 00068000 08:02 18482330                   /home/ats-12/.m2/repository/antlr/antlr/2.7.7/antlr-2.7.7.jar
7f1c45dce000-7f1c45dd8000 r--s 000aa000 08:02 18482328                   /home/ats-12/.m2/repository/org/javassist/javassist/3.21.0-GA/javassist-3.21.0-GA.jar
7f1c45dd8000-7f1c45ddd000 r--s 00017000 08:02 18482326                   /home/ats-12/.m2/repository/org/hibernate/javax/persistence/hibernate-jpa-2.1-api/1.0.0.Final/hibernate-jpa-2.1-api-1.0.0.Final.jar
7f1c45ddd000-7f1c45de0000 r--s 0000e000 08:02 18482324                   /home/ats-12/.m2/repository/org/jboss/logging/jboss-logging/3.3.1.Final/jboss-logging-3.3.1.Final.jar
7f1c45de0000-7f1c45e49000 r--s 004f3000 08:02 18482322                   /home/ats-12/.m2/repository/org/hibernate/hibernate-core/5.0.12.Final/hibernate-core-5.0.12.Final.jar
7f1c45e49000-7f1c45e53000 r--s 0005f000 08:02 18482320                   /home/ats-12/.m2/repository/org/springframework/spring-jdbc/4.3.10.RELEASE/spring-jdbc-4.3.10.RELEASE.jar
7f1c45e53000-7f1c45e54000 r--s 0000a000 08:02 18482318                   /home/ats-12/.m2/repository/org/apache/tomcat/tomcat-juli/8.5.16/tomcat-juli-8.5.16.jar
7f1c45e54000-7f1c45e57000 r--s 00021000 08:02 18482316                   /home/ats-12/.m2/repository/org/apache/tomcat/tomcat-jdbc/8.5.16/tomcat-jdbc-8.5.16.jar
7f1c45e57000-7f1c45e58000 r--s 00000000 08:02 18482314                   /home/ats-12/.m2/repository/org/springframework/boot/spring-boot-starter-jdbc/1.5.6.RELEASE/spring-boot-starter-jdbc-1.5.6.RELEASE.jar
7f1c45e58000-7f1c45e70000 r--s 001bf000 08:02 18482312                   /home/ats-12/.m2/repository/org/aspectj/aspectjweaver/1.8.10/aspectjweaver-1.8.10.jar
7f1c45e70000-7f1c45e79000 r--s 00054000 08:02 18482310                   /home/ats-12/.m2/repository/org/springframework/spring-aop/4.3.10.RELEASE/spring-aop-4.3.10.RELEASE.jar
7f1c45e79000-7f1c45e7a000 r--s 00000000 08:02 18482308                   /home/ats-12/.m2/repository/org/springframework/boot/spring-boot-starter-aop/1.5.6.RELEASE/spring-boot-starter-aop-1.5.6.RELEASE.jar
7f1c45e7a000-7f1c45e80000 r--s 0003d000 08:02 18482306                   /home/ats-12/.m2/repository/org/yaml/snakeyaml/1.17/snakeyaml-1.17.jar
7f1c45e80000-7f1c45e82000 r--s 00004000 08:02 18482304                   /home/ats-12/.m2/repository/org/slf4j/log4j-over-slf4j/1.7.25/log4j-over-slf4j-1.7.25.jar
7f1c45e82000-7f1c45e84000 r--s 00000000 08:02 18482302                   /home/ats-12/.m2/repository/org/slf4j/jul-to-slf4j/1.7.25/jul-to-slf4j-1.7.25.jar
7f1c45e84000-7f1c45e8f000 r--s 0006a000 08:02 18482300                   /home/ats-12/.m2/repository/ch/qos/logback/logback-core/1.1.11/logback-core-1.1.11.jar
7f1c45e8f000-7f1c45e96000 r--s 00045000 08:02 18482298                   /home/ats-12/.m2/repository/ch/qos/logback/logback-classic/1.1.11/logback-classic-1.1.11.jar
7f1c45e96000-7f1c45e97000 r--s 00000000 08:02 18482296                   /home/ats-12/.m2/repository/org/springframework/boot/spring-boot-starter-logging/1.5.6.RELEASE/spring-boot-starter-logging-1.5.6.RELEASE.jar
7f1c45e97000-7f1c45e98000 r--s 00000000 08:02 18482294                   /home/ats-12/.m2/repository/org/springframework/boot/spring-boot-starter/1.5.6.RELEASE/spring-boot-starter-1.5.6.RELEASE.jar
7f1c45e98000-7f1c45e99000 r--s 00000000 08:02 18482292                   /home/ats-12/.m2/repository/org/springframework/boot/spring-boot-starter-data-jpa/1.5.6.RELEASE/spring-boot-starter-data-jpa-1.5.6.RELEASE.jar
7f1c45e99000-7f1c45e9e000 r--s 0002f000 08:02 17826742                   /home/ats-12/.m2/repository/com/google/code/gson/gson/2.3.1/gson-2.3.1.jar
7f1c45e9e000-7f1c45e9f000 r--s 00002000 08:02 17303180                   /home/ats-12/spring-tool-suite-3.9.0.RELEASE-e4.7.0-linux-gtk-x86_64/sts-bundle/pivotal-tc-server-developer-3.2.6.RELEASE/tomcat-8.5.15.C.RELEASE/lib/tomcat-api.jar
7f1c45e9f000-7f1c45ea2000 r--s 00025000 08:02 17303170                   /home/ats-12/spring-tool-suite-3.9.0.RELEASE-e4.7.0-linux-gtk-x86_64/sts-bundle/pivotal-tc-server-developer-3.2.6.RELEASE/tomcat-8.5.15.C.RELEASE/lib/jasper-el.jar
7f1c45ea2000-7f1c45eea000 r--s 002d9000 08:02 17303176                   /home/ats-12/spring-tool-suite-3.9.0.RELEASE-e4.7.0-linux-gtk-x86_64/sts-bundle/pivotal-tc-server-developer-3.2.6.RELEASE/tomcat-8.5.15.C.RELEASE/lib/security/bcprov-jdk15on-1.54.jar
7f1c45eea000-7f1c45eee000 r--s 0001c000 08:02 17303177                   /home/ats-12/spring-tool-suite-3.9.0.RELEASE-e4.7.0-linux-gtk-x86_64/sts-bundle/pivotal-tc-server-developer-3.2.6.RELEASE/tomcat-8.5.15.C.RELEASE/lib/security/jasypt-1.9.2.jar
7f1c45eee000-7f1c45eff000 r--s 00094000 08:02 17303175                   /home/ats-12/spring-tool-suite-3.9.0.RELEASE-e4.7.0-linux-gtk-x86_64/sts-bundle/pivotal-tc-server-developer-3.2.6.RELEASE/tomcat-8.5.15.C.RELEASE/lib/security/bcpkix-jdk15on-1.54.jar
7f1c45eff000-7f1c45f03000 r--s 0003a000 08:02 17303182                   /home/ats-12/spring-tool-suite-3.9.0.RELEASE-e4.7.0-linux-gtk-x86_64/sts-bundle/pivotal-tc-server-developer-3.2.6.RELEASE/tomcat-8.5.15.C.RELEASE/lib/tomcat-dbcp.jar
7f1c45f03000-7f1c45f0a000 r--s 00089000 08:02 17303171                   /home/ats-12/spring-tool-suite-3.9.0.RELEASE-e4.7.0-linux-gtk-x86_64/sts-bundle/pivotal-tc-server-developer-3.2.6.RELEASE/tomcat-8.5.15.C.RELEASE/lib/jasper.jar
7f1c45f0a000-7f1c45f0f000 r--s 0002f000 08:02 17303190                   /home/ats-12/spring-tool-suite-3.9.0.RELEASE-e4.7.0-linux-gtk-x86_64/sts-bundle/pivotal-tc-server-developer-3.2.6.RELEASE/tomcat-8.5.15.C.RELEASE/lib/tomcat-websocket.jar
7f1c45f0f000-7f1c45f11000 r--s 00003000 08:02 17303162                   /home/ats-12/spring-tool-suite-3.9.0.RELEASE-e4.7.0-linux-gtk-x86_64/sts-bundle/pivotal-tc-server-developer-3.2.6.RELEASE/tomcat-8.5.15.C.RELEASE/lib/annotations-api.jar
7f1c45f11000-7f1c45f14000 r--s 00007000 08:02 17303191                   /home/ats-12/spring-tool-suite-3.9.0.RELEASE-e4.7.0-linux-gtk-x86_64/sts-bundle/pivotal-tc-server-developer-3.2.6.RELEASE/tomcat-8.5.15.C.RELEASE/lib/websocket-api.jar
7f1c45f14000-7f1c45f16000 r--s 0001b000 08:02 17303164                   /home/ats-12/spring-tool-suite-3.9.0.RELEASE-e4.7.0-linux-gtk-x86_64/sts-bundle/pivotal-tc-server-developer-3.2.6.RELEASE/tomcat-8.5.15.C.RELEASE/lib/catalina-ha.jar
7f1c45f16000-7f1c45f19000 r--s 00021000 08:02 17303186                   /home/ats-12/spring-tool-suite-3.9.0.RELEASE-e4.7.0-linux-gtk-x86_64/sts-bundle/pivotal-tc-server-developer-3.2.6.RELEASE/tomcat-8.5.15.C.RELEASE/lib/tomcat-jdbc.jar
7f1c45f19000-7f1c45f1b000 r--s 00008000 08:02 17303184                   /home/ats-12/spring-tool-suite-3.9.0.RELEASE-e4.7.0-linux-gtk-x86_64/sts-bundle/pivotal-tc-server-developer-3.2.6.RELEASE/tomcat-8.5.15.C.RELEASE/lib/tomcat-i18n-fr.jar
7f1c45f1b000-7f1c45f1e000 r--s 0001a000 08:02 17303179                   /home/ats-12/spring-tool-suite-3.9.0.RELEASE-e4.7.0-linux-gtk-x86_64/sts-bundle/pivotal-tc-server-developer-3.2.6.RELEASE/tomcat-8.5.15.C.RELEASE/lib/tcServer3.jar
7f1c45f1e000-7f1c45f21000 r--s 0000d000 08:02 17303173                   /home/ats-12/spring-tool-suite-3.9.0.RELEASE-e4.7.0-linux-gtk-x86_64/sts-bundle/pivotal-tc-server-developer-3.2.6.RELEASE/tomcat-8.5.15.C.RELEASE/lib/jsp-api.jar
7f1c45f21000-7f1c45f23000 r--s 00009000 08:02 17303185                   /home/ats-12/spring-tool-suite-3.9.0.RELEASE-e4.7.0-linux-gtk-x86_64/sts-bundle/pivotal-tc-server-developer-3.2.6.RELEASE/tomcat-8.5.15.C.RELEASE/lib/tomcat-i18n-ja.jar
7f1c45f23000-7f1c45f2f000 r--s 000b3000 08:02 17303181                   /home/ats-12/spring-tool-suite-3.9.0.RELEASE-e4.7.0-linux-gtk-x86_64/sts-bundle/pivotal-tc-server-developer-3.2.6.RELEASE/tomcat-8.5.15.C.RELEASE/lib/tomcat-coyote.jar
7f1c45f2f000-7f1c45f42000 r--s 00244000 08:02 17303168                   /home/ats-12/spring-tool-suite-3.9.0.RELEASE-e4.7.0-linux-gtk-x86_64/sts-bundle/pivotal-tc-server-developer-3.2.6.RELEASE/tomcat-8.5.15.C.RELEASE/lib/ecj-4.6.3.jar
7f1c45f42000-7f1c45f56000 r--s 00175000 08:02 17303167                   /home/ats-12/spring-tool-suite-3.9.0.RELEASE-e4.7.0-linux-gtk-x86_64/sts-bundle/pivotal-tc-server-developer-3.2.6.RELEASE/tomcat-8.5.15.C.RELEASE/lib/catalina.jar
7f1c45f56000-7f1c45f5a000 r--s 0002e000 08:02 17303188                   /home/ats-12/spring-tool-suite-3.9.0.RELEASE-e4.7.0-linux-gtk-x86_64/sts-bundle/pivotal-tc-server-developer-3.2.6.RELEASE/tomcat-8.5.15.C.RELEASE/lib/tomcat-util-scan.jar
7f1c45f5a000-7f1c45f5d000 r--s 0000e000 08:02 17303183                   /home/ats-12/spring-tool-suite-3.9.0.RELEASE-e4.7.0-linux-gtk-x86_64/sts-bundle/pivotal-tc-server-developer-3.2.6.RELEASE/tomcat-8.5.15.C.RELEASE/lib/tomcat-i18n-es.jar
7f1c45f5d000-7f1c45f5f000 r--s 00007000 08:02 17303187                   /home/ats-12/spring-tool-suite-3.9.0.RELEASE-e4.7.0-linux-gtk-x86_64/sts-bundle/pivotal-tc-server-developer-3.2.6.RELEASE/tomcat-8.5.15.C.RELEASE/lib/tomcat-jni.jar
7f1c45f5f000-7f1c45f61000 r--s 00012000 08:02 17303169                   /home/ats-12/spring-tool-suite-3.9.0.RELEASE-e4.7.0-linux-gtk-x86_64/sts-bundle/pivotal-tc-server-developer-3.2.6.RELEASE/tomcat-8.5.15.C.RELEASE/lib/el-api.jar
7f1c45f61000-7f1c45f65000 r--s 00038000 08:02 17303178                   /home/ats-12/spring-tool-suite-3.9.0.RELEASE-e4.7.0-linux-gtk-x86_64/sts-bundle/pivotal-tc-server-developer-3.2.6.RELEASE/tomcat-8.5.15.C.RELEASE/lib/servlet-api.jar
7f1c45f65000-7f1c45f6a000 r--s 0003d000 08:02 17303166                   /home/ats-12/spring-tool-suite-3.9.0.RELEASE-e4.7.0-linux-gtk-x86_64/sts-bundle/pivotal-tc-server-developer-3.2.6.RELEASE/tomcat-8.5.15.C.RELEASE/lib/catalina-tribes.jar
7f1c45f6a000-7f1c45f6c000 r--s 00011000 08:02 17303165                   /home/ats-12/spring-tool-suite-3.9.0.RELEASE-e4.7.0-linux-gtk-x86_64/sts-bundle/pivotal-tc-server-developer-3.2.6.RELEASE/tomcat-8.5.15.C.RELEASE/lib/catalina-storeconfig.jar
7f1c45f6c000-7f1c45f6e000 r--s 00005000 08:02 17303172                   /home/ats-12/spring-tool-suite-3.9.0.RELEASE-e4.7.0-linux-gtk-x86_64/sts-bundle/pivotal-tc-server-developer-3.2.6.RELEASE/tomcat-8.5.15.C.RELEASE/lib/jaspic-api.jar
7f1c45f6e000-7f1c45f71000 r--s 0001e000 08:02 17303189                   /home/ats-12/spring-tool-suite-3.9.0.RELEASE-e4.7.0-linux-gtk-x86_64/sts-bundle/pivotal-tc-server-developer-3.2.6.RELEASE/tomcat-8.5.15.C.RELEASE/lib/tomcat-util.jar
7f1c45f71000-7f1c45f8c000 r--s 001d6000 08:02 921498                     /usr/lib/jvm/java-8-openjdk-amd64/jre/lib/ext/nashorn.jar
7f1c45f8c000-7f1c45fa7000 r--s 00394000 08:02 921493                     /usr/lib/jvm/java-8-openjdk-amd64/jre/lib/ext/cldrdata.jar
7f1c45fa7000-7f1c45fb8000 r-xp 00000000 08:02 921475                     /usr/lib/jvm/java-8-openjdk-amd64/jre/lib/amd64/libnio.so
7f1c45fb8000-7f1c461b8000 ---p 00011000 08:02 921475                     /usr/lib/jvm/java-8-openjdk-amd64/jre/lib/amd64/libnio.so
7f1c461b8000-7f1c461b9000 r--p 00011000 08:02 921475                     /usr/lib/jvm/java-8-openjdk-amd64/jre/lib/amd64/libnio.so
7f1c461b9000-7f1c461ba000 rw-p 00012000 08:02 921475                     /usr/lib/jvm/java-8-openjdk-amd64/jre/lib/amd64/libnio.so
7f1c461ba000-7f1c461eb000 rw-p 00000000 00:00 0 
7f1c461eb000-7f1c46201000 r-xp 00000000 08:02 921474                     /usr/lib/jvm/java-8-openjdk-amd64/jre/lib/amd64/libnet.so
7f1c46201000-7f1c46401000 ---p 00016000 08:02 921474                     /usr/lib/jvm/java-8-openjdk-amd64/jre/lib/amd64/libnet.so
7f1c46401000-7f1c46402000 r--p 00016000 08:02 921474                     /usr/lib/jvm/java-8-openjdk-amd64/jre/lib/amd64/libnet.so
7f1c46402000-7f1c46403000 rw-p 00017000 08:02 921474                     /usr/lib/jvm/java-8-openjdk-amd64/jre/lib/amd64/libnet.so
7f1c46403000-7f1c4640c000 r-xp 00000000 08:02 921472                     /usr/lib/jvm/java-8-openjdk-amd64/jre/lib/amd64/libmanagement.so
7f1c4640c000-7f1c4660b000 ---p 00009000 08:02 921472                     /usr/lib/jvm/java-8-openjdk-amd64/jre/lib/amd64/libmanagement.so
7f1c4660b000-7f1c4660c000 r--p 00008000 08:02 921472                     /usr/lib/jvm/java-8-openjdk-amd64/jre/lib/amd64/libmanagement.so
7f1c4660c000-7f1c4660d000 rw-p 00009000 08:02 921472                     /usr/lib/jvm/java-8-openjdk-amd64/jre/lib/amd64/libmanagement.so
7f1c4660d000-7f1c46610000 ---p 00000000 00:00 0 
7f1c46610000-7f1c4670e000 rw-p 00000000 00:00 0 
7f1c4670e000-7f1c46711000 ---p 00000000 00:00 0 
7f1c46711000-7f1c4680f000 rw-p 00000000 00:00 0 
7f1c4680f000-7f1c46812000 ---p 00000000 00:00 0 
7f1c46812000-7f1c46910000 rw-p 00000000 00:00 0 
7f1c46910000-7f1c46913000 ---p 00000000 00:00 0 
7f1c46913000-7f1c46a11000 rw-p 00000000 00:00 0 
7f1c46a11000-7f1c46a14000 ---p 00000000 00:00 0 
7f1c46a14000-7f1c46b12000 rw-p 00000000 00:00 0 
7f1c46b12000-7f1c46dee000 r--p 00000000 08:02 920206                     /usr/lib/locale/locale-archive
7f1c46dee000-7f1c46df1000 ---p 00000000 00:00 0 
7f1c46df1000-7f1c46eef000 rw-p 00000000 00:00 0 
7f1c46eef000-7f1c46ef2000 ---p 00000000 00:00 0 
7f1c46ef2000-7f1c46ff0000 rw-p 00000000 00:00 0 
7f1c46ff0000-7f1c46ff1000 ---p 00000000 00:00 0 
7f1c46ff1000-7f1c48000000 rw-p 00000000 00:00 0 
7f1c48000000-7f1c48021000 rw-p 00000000 00:00 0 
7f1c48021000-7f1c4c000000 ---p 00000000 00:00 0 
7f1c4c000000-7f1c4c0b1000 rw-p 00000000 00:00 0 
7f1c4c0b1000-7f1c4c280000 r--s 03c2f000 08:02 921519                     /usr/lib/jvm/java-8-openjdk-amd64/jre/lib/rt.jar
7f1c4c280000-7f1c50000000 rw-p 00000000 00:00 0 
7f1c50000000-7f1c50021000 rw-p 00000000 00:00 0 
7f1c50021000-7f1c54000000 ---p 00000000 00:00 0 
7f1c54000000-7f1c54001000 r--s 0000c000 08:02 17303163                   /home/ats-12/spring-tool-suite-3.9.0.RELEASE-e4.7.0-linux-gtk-x86_64/sts-bundle/pivotal-tc-server-developer-3.2.6.RELEASE/tomcat-8.5.15.C.RELEASE/lib/catalina-ant.jar
7f1c54001000-7f1c54003000 r--s 0000c000 08:02 17434756                   /home/ats-12/spring-tool-suite-3.9.0.RELEASE-e4.7.0-linux-gtk-x86_64/sts-bundle/sts-3.9.0.RELEASE/plugins/org.hamcrest.core_1.3.0.v201303031735.jar
7f1c54003000-7f1c54bfc000 rw-p 00000000 00:00 0 
7f1c54bfc000-7f1c54bfd000 ---p 00000000 00:00 0 
7f1c54bfd000-7f1c54cfd000 rw-p 00000000 00:00 0 
7f1c54cfd000-7f1c54cfe000 ---p 00000000 00:00 0 
7f1c54cfe000-7f1c54dfe000 rw-p 00000000 00:00 0 
7f1c54dfe000-7f1c54dff000 ---p 00000000 00:00 0 
7f1c54dff000-7f1c54eff000 rw-p 00000000 00:00 0 
7f1c54eff000-7f1c54f00000 ---p 00000000 00:00 0 
7f1c54f00000-7f1c55000000 rw-p 00000000 00:00 0 
7f1c55000000-7f1c55510000 rwxp 00000000 00:00 0 
7f1c55510000-7f1c64000000 ---p 00000000 00:00 0 
7f1c64000000-7f1c64b48000 rw-p 00000000 00:00 0 
7f1c64b48000-7f1c68000000 ---p 00000000 00:00 0 
7f1c68000000-7f1c68095000 rw-p 00000000 00:00 0 
7f1c68095000-7f1c68306000 ---p 00000000 00:00 0 
7f1c68306000-7f1c68325000 rw-p 00000000 00:00 0 
7f1c68325000-7f1c68596000 ---p 00000000 00:00 0 
7f1c68596000-7f1c68661000 rw-p 00000000 00:00 0 
7f1c68661000-7f1c686de000 ---p 00000000 00:00 0 
7f1c686de000-7f1c686f4000 rw-p 00000000 00:00 0 
7f1c686f4000-7f1c68a9f000 ---p 00000000 00:00 0 
7f1c68a9f000-7f1c68aa7000 r-xp 00000000 08:02 921482                     /usr/lib/jvm/java-8-openjdk-amd64/jre/lib/amd64/libzip.so
7f1c68aa7000-7f1c68ca6000 ---p 00008000 08:02 921482                     /usr/lib/jvm/java-8-openjdk-amd64/jre/lib/amd64/libzip.so
7f1c68ca6000-7f1c68ca7000 r--p 00007000 08:02 921482                     /usr/lib/jvm/java-8-openjdk-amd64/jre/lib/amd64/libzip.so
7f1c68ca7000-7f1c68ca8000 rw-p 00008000 08:02 921482                     /usr/lib/jvm/java-8-openjdk-amd64/jre/lib/amd64/libzip.so
7f1c68ca8000-7f1c68cb3000 r-xp 00000000 08:02 44040286                   /lib/x86_64-linux-gnu/libnss_files-2.26.so
7f1c68cb3000-7f1c68eb2000 ---p 0000b000 08:02 44040286                   /lib/x86_64-linux-gnu/libnss_files-2.26.so
7f1c68eb2000-7f1c68eb3000 r--p 0000a000 08:02 44040286                   /lib/x86_64-linux-gnu/libnss_files-2.26.so
7f1c68eb3000-7f1c68eb4000 rw-p 0000b000 08:02 44040286                   /lib/x86_64-linux-gnu/libnss_files-2.26.so
7f1c68eb4000-7f1c68eba000 rw-p 00000000 00:00 0 
7f1c68eba000-7f1c68ec5000 r-xp 00000000 08:02 44040288                   /lib/x86_64-linux-gnu/libnss_nis-2.26.so
7f1c68ec5000-7f1c690c4000 ---p 0000b000 08:02 44040288                   /lib/x86_64-linux-gnu/libnss_nis-2.26.so
7f1c690c4000-7f1c690c5000 r--p 0000a000 08:02 44040288                   /lib/x86_64-linux-gnu/libnss_nis-2.26.so
7f1c690c5000-7f1c690c6000 rw-p 0000b000 08:02 44040288                   /lib/x86_64-linux-gnu/libnss_nis-2.26.so
7f1c690c6000-7f1c690dd000 r-xp 00000000 08:02 44040283                   /lib/x86_64-linux-gnu/libnsl-2.26.so
7f1c690dd000-7f1c692dc000 ---p 00017000 08:02 44040283                   /lib/x86_64-linux-gnu/libnsl-2.26.so
7f1c692dc000-7f1c692dd000 r--p 00016000 08:02 44040283                   /lib/x86_64-linux-gnu/libnsl-2.26.so
7f1c692dd000-7f1c692de000 rw-p 00017000 08:02 44040283                   /lib/x86_64-linux-gnu/libnsl-2.26.so
7f1c692de000-7f1c692e0000 rw-p 00000000 00:00 0 
7f1c692e0000-7f1c692e8000 r-xp 00000000 08:02 44040284                   /lib/x86_64-linux-gnu/libnss_compat-2.26.so
7f1c692e8000-7f1c694e7000 ---p 00008000 08:02 44040284                   /lib/x86_64-linux-gnu/libnss_compat-2.26.so
7f1c694e7000-7f1c694e8000 r--p 00007000 08:02 44040284                   /lib/x86_64-linux-gnu/libnss_compat-2.26.so
7f1c694e8000-7f1c694e9000 rw-p 00008000 08:02 44040284                   /lib/x86_64-linux-gnu/libnss_compat-2.26.so
7f1c694e9000-7f1c69517000 r-xp 00000000 08:02 921459                     /usr/lib/jvm/java-8-openjdk-amd64/jre/lib/amd64/libjava.so
7f1c69517000-7f1c69716000 ---p 0002e000 08:02 921459                     /usr/lib/jvm/java-8-openjdk-amd64/jre/lib/amd64/libjava.so
7f1c69716000-7f1c69717000 r--p 0002d000 08:02 921459                     /usr/lib/jvm/java-8-openjdk-amd64/jre/lib/amd64/libjava.so
7f1c69717000-7f1c69719000 rw-p 0002e000 08:02 921459                     /usr/lib/jvm/java-8-openjdk-amd64/jre/lib/amd64/libjava.so
7f1c69719000-7f1c69729000 r-xp 00000000 08:02 921481                     /usr/lib/jvm/java-8-openjdk-amd64/jre/lib/amd64/libverify.so
7f1c69729000-7f1c69928000 ---p 00010000 08:02 921481                     /usr/lib/jvm/java-8-openjdk-amd64/jre/lib/amd64/libverify.so
7f1c69928000-7f1c6992a000 r--p 0000f000 08:02 921481                     /usr/lib/jvm/java-8-openjdk-amd64/jre/lib/amd64/libverify.so
7f1c6992a000-7f1c6992b000 rw-p 00011000 08:02 921481                     /usr/lib/jvm/java-8-openjdk-amd64/jre/lib/amd64/libverify.so
7f1c6992b000-7f1c69932000 r-xp 00000000 08:02 44044657                   /lib/x86_64-linux-gnu/librt-2.26.so
7f1c69932000-7f1c69b31000 ---p 00007000 08:02 44044657                   /lib/x86_64-linux-gnu/librt-2.26.so
7f1c69b31000-7f1c69b32000 r--p 00006000 08:02 44044657                   /lib/x86_64-linux-gnu/librt-2.26.so
7f1c69b32000-7f1c69b33000 rw-p 00007000 08:02 44044657                   /lib/x86_64-linux-gnu/librt-2.26.so
7f1c69b33000-7f1c69b49000 r-xp 00000000 08:02 44040198                   /lib/x86_64-linux-gnu/libgcc_s.so.1
7f1c69b49000-7f1c69d48000 ---p 00016000 08:02 44040198                   /lib/x86_64-linux-gnu/libgcc_s.so.1
7f1c69d48000-7f1c69d49000 r--p 00015000 08:02 44040198                   /lib/x86_64-linux-gnu/libgcc_s.so.1
7f1c69d49000-7f1c69d4a000 rw-p 00016000 08:02 44040198                   /lib/x86_64-linux-gnu/libgcc_s.so.1
7f1c69d4a000-7f1c69e9f000 r-xp 00000000 08:02 44040280                   /lib/x86_64-linux-gnu/libm-2.26.so
7f1c69e9f000-7f1c6a09e000 ---p 00155000 08:02 44040280                   /lib/x86_64-linux-gnu/libm-2.26.so
7f1c6a09e000-7f1c6a09f000 r--p 00154000 08:02 44040280                   /lib/x86_64-linux-gnu/libm-2.26.so
7f1c6a09f000-7f1c6a0a0000 rw-p 00155000 08:02 44040280                   /lib/x86_64-linux-gnu/libm-2.26.so
7f1c6a0a0000-7f1c6a218000 r-xp 00000000 08:02 917690                     /usr/lib/x86_64-linux-gnu/libstdc++.so.6.0.24
7f1c6a218000-7f1c6a417000 ---p 00178000 08:02 917690                     /usr/lib/x86_64-linux-gnu/libstdc++.so.6.0.24
7f1c6a417000-7f1c6a421000 r--p 00177000 08:02 917690                     /usr/lib/x86_64-linux-gnu/libstdc++.so.6.0.24
7f1c6a421000-7f1c6a423000 rw-p 00181000 08:02 917690                     /usr/lib/x86_64-linux-gnu/libstdc++.so.6.0.24
7f1c6a423000-7f1c6a426000 rw-p 00000000 00:00 0 
7f1c6a426000-7f1c6b0b7000 r-xp 00000000 08:02 921484                     /usr/lib/jvm/java-8-openjdk-amd64/jre/lib/amd64/server/libjvm.so
7f1c6b0b7000-7f1c6b2b7000 ---p 00c91000 08:02 921484                     /usr/lib/jvm/java-8-openjdk-amd64/jre/lib/amd64/server/libjvm.so
7f1c6b2b7000-7f1c6b34a000 r--p 00c91000 08:02 921484                     /usr/lib/jvm/java-8-openjdk-amd64/jre/lib/amd64/server/libjvm.so
7f1c6b34a000-7f1c6b372000 rw-p 00d24000 08:02 921484                     /usr/lib/jvm/java-8-openjdk-amd64/jre/lib/amd64/server/libjvm.so
7f1c6b372000-7f1c6b3a3000 rw-p 00000000 00:00 0 
7f1c6b3a3000-7f1c6b3bd000 r-xp 00000000 08:02 44044595                   /lib/x86_64-linux-gnu/libpthread-2.26.so
7f1c6b3bd000-7f1c6b5bc000 ---p 0001a000 08:02 44044595                   /lib/x86_64-linux-gnu/libpthread-2.26.so
7f1c6b5bc000-7f1c6b5bd000 r--p 00019000 08:02 44044595                   /lib/x86_64-linux-gnu/libpthread-2.26.so
7f1c6b5bd000-7f1c6b5be000 rw-p 0001a000 08:02 44044595                   /lib/x86_64-linux-gnu/libpthread-2.26.so
7f1c6b5be000-7f1c6b5c2000 rw-p 00000000 00:00 0 
7f1c6b5c2000-7f1c6b5c5000 r-xp 00000000 08:02 44040279                   /lib/x86_64-linux-gnu/libdl-2.26.so
7f1c6b5c5000-7f1c6b7c4000 ---p 00003000 08:02 44040279                   /lib/x86_64-linux-gnu/libdl-2.26.so
7f1c6b7c4000-7f1c6b7c5000 r--p 00002000 08:02 44040279                   /lib/x86_64-linux-gnu/libdl-2.26.so
7f1c6b7c5000-7f1c6b7c6000 rw-p 00003000 08:02 44040279                   /lib/x86_64-linux-gnu/libdl-2.26.so
7f1c6b7c6000-7f1c6b7e2000 r-xp 00000000 08:02 44044879                   /lib/x86_64-linux-gnu/libz.so.1.2.11
7f1c6b7e2000-7f1c6b9e1000 ---p 0001c000 08:02 44044879                   /lib/x86_64-linux-gnu/libz.so.1.2.11
7f1c6b9e1000-7f1c6b9e2000 r--p 0001b000 08:02 44044879                   /lib/x86_64-linux-gnu/libz.so.1.2.11
7f1c6b9e2000-7f1c6b9e3000 rw-p 0001c000 08:02 44044879                   /lib/x86_64-linux-gnu/libz.so.1.2.11
7f1c6b9e3000-7f1c6bbb9000 r-xp 00000000 08:02 44040276                   /lib/x86_64-linux-gnu/libc-2.26.so
7f1c6bbb9000-7f1c6bdb9000 ---p 001d6000 08:02 44040276                   /lib/x86_64-linux-gnu/libc-2.26.so
7f1c6bdb9000-7f1c6bdbd000 r--p 001d6000 08:02 44040276                   /lib/x86_64-linux-gnu/libc-2.26.so
7f1c6bdbd000-7f1c6bdbf000 rw-p 001da000 08:02 44040276                   /lib/x86_64-linux-gnu/libc-2.26.so
7f1c6bdbf000-7f1c6bdc3000 rw-p 00000000 00:00 0 
7f1c6bdc3000-7f1c6bdd1000 r-xp 00000000 08:02 921417                     /usr/lib/jvm/java-8-openjdk-amd64/jre/lib/amd64/jli/libjli.so
7f1c6bdd1000-7f1c6bfd0000 ---p 0000e000 08:02 921417                     /usr/lib/jvm/java-8-openjdk-amd64/jre/lib/amd64/jli/libjli.so
7f1c6bfd0000-7f1c6bfd1000 r--p 0000d000 08:02 921417                     /usr/lib/jvm/java-8-openjdk-amd64/jre/lib/amd64/jli/libjli.so
7f1c6bfd1000-7f1c6bfd2000 rw-p 0000e000 08:02 921417                     /usr/lib/jvm/java-8-openjdk-amd64/jre/lib/amd64/jli/libjli.so
7f1c6bfd2000-7f1c6bff9000 r-xp 00000000 08:02 44040208                   /lib/x86_64-linux-gnu/ld-2.26.so
7f1c6bff9000-7f1c6c001000 r--s 00045000 08:02 17434766                   /home/ats-12/spring-tool-suite-3.9.0.RELEASE-e4.7.0-linux-gtk-x86_64/sts-bundle/sts-3.9.0.RELEASE/plugins/org.junit_4.12.0.v201504281640/junit.jar
7f1c6c001000-7f1c6c003000 r--s 00007000 08:02 1313435                    /usr/share/java/java-atk-wrapper.jar
7f1c6c003000-7f1c6c004000 r--s 00010000 08:02 921502                     /usr/lib/jvm/java-8-openjdk-amd64/jre/lib/ext/zipfs.jar
7f1c6c004000-7f1c6c005000 r--s 0000a000 08:02 921496                     /usr/lib/jvm/java-8-openjdk-amd64/jre/lib/ext/jaccess.jar
7f1c6c005000-7f1c6c008000 r--s 0000f000 08:02 921495                     /usr/lib/jvm/java-8-openjdk-amd64/jre/lib/ext/icedtea-sound.jar
7f1c6c008000-7f1c6c012000 r--s 00116000 08:02 921497                     /usr/lib/jvm/java-8-openjdk-amd64/jre/lib/ext/localedata.jar
7f1c6c012000-7f1c6c0dd000 rw-p 00000000 00:00 0 
7f1c6c0dd000-7f1c6c0e0000 ---p 00000000 00:00 0 
7f1c6c0e0000-7f1c6c1e0000 rw-p 00000000 00:00 0 
7f1c6c1e0000-7f1c6c1e2000 r--s 00008000 08:02 921499                     /usr/lib/jvm/java-8-openjdk-amd64/jre/lib/ext/sunec.jar
7f1c6c1e2000-7f1c6c1e4000 r--s 00001000 08:02 921494                     /usr/lib/jvm/java-8-openjdk-amd64/jre/lib/ext/dnsns.jar
7f1c6c1e4000-7f1c6c1e7000 r--s 00038000 08:02 921501                     /usr/lib/jvm/java-8-openjdk-amd64/jre/lib/ext/sunpkcs11.jar
7f1c6c1e7000-7f1c6c1ed000 r--s 0003b000 08:02 921500                     /usr/lib/jvm/java-8-openjdk-amd64/jre/lib/ext/sunjce_provider.jar
7f1c6c1ed000-7f1c6c1f5000 rw-s 00000000 08:02 32513126                   /tmp/hsperfdata_ats-12/2969
7f1c6c1f5000-7f1c6c1f6000 rw-p 00000000 00:00 0 
7f1c6c1f6000-7f1c6c1f7000 ---p 00000000 00:00 0 
7f1c6c1f7000-7f1c6c1f9000 rw-p 00000000 00:00 0 
7f1c6c1f9000-7f1c6c1fa000 r--p 00027000 08:02 44040208                   /lib/x86_64-linux-gnu/ld-2.26.so
7f1c6c1fa000-7f1c6c1fb000 rw-p 00028000 08:02 44040208                   /lib/x86_64-linux-gnu/ld-2.26.so
7f1c6c1fb000-7f1c6c1fc000 rw-p 00000000 00:00 0 
7ffebd7e3000-7ffebd807000 rw-p 00000000 00:00 0                          [stack]
7ffebd945000-7ffebd948000 r--p 00000000 00:00 0                          [vvar]
7ffebd948000-7ffebd94a000 r-xp 00000000 00:00 0                          [vdso]
ffffffffff600000-ffffffffff601000 r-xp 00000000 00:00 0                  [vsyscall]

VM Arguments:
jvm_args: -Dcom.sun.management.jmxremote -Dcom.sun.management.jmxremote.port=34491 -Dcom.sun.management.jmxremote.authenticate=false -Dcom.sun.management.jmxremote.ssl=false -Djava.rmi.server.hostname=localhost -Dspring.liveBeansView.mbeanDomain -Dspring.application.admin.enabled=true -Djava.security.egd=file:/dev/./urandom -Xverify:none -XX:TieredStopAtLevel=1 -Dfile.encoding=UTF-8 
java_command: com.ats.webapi.MonginisWebApiApplication --spring.output.ansi.enabled=always
java_class_path (initial): /usr/lib/jvm/java-8-openjdk-amd64/jre/lib/resources.jar:/usr/lib/jvm/java-8-openjdk-amd64/jre/lib/rt.jar:/usr/lib/jvm/java-8-openjdk-amd64/jre/lib/jsse.jar:/usr/lib/jvm/java-8-openjdk-amd64/jre/lib/jce.jar:/usr/lib/jvm/java-8-openjdk-amd64/jre/lib/charsets.jar:/usr/lib/jvm/java-8-openjdk-amd64/jre/lib/ext/cldrdata.jar:/usr/lib/jvm/java-8-openjdk-amd64/jre/lib/ext/sunjce_provider.jar:/usr/lib/jvm/java-8-openjdk-amd64/jre/lib/ext/sunpkcs11.jar:/usr/lib/jvm/java-8-openjdk-amd64/jre/lib/ext/dnsns.jar:/usr/lib/jvm/java-8-openjdk-amd64/jre/lib/ext/localedata.jar:/usr/lib/jvm/java-8-openjdk-amd64/jre/lib/ext/icedtea-sound.jar:/usr/lib/jvm/java-8-openjdk-amd64/jre/lib/ext/sunec.jar:/usr/lib/jvm/java-8-openjdk-amd64/jre/lib/ext/nashorn.jar:/usr/lib/jvm/java-8-openjdk-amd64/jre/lib/ext/jaccess.jar:/usr/lib/jvm/java-8-openjdk-amd64/jre/lib/ext/zipfs.jar:/usr/lib/jvm/java-8-openjdk-amd64/jre/lib/ext/java-atk-wrapper.jar:/home/ats-12/BACKUP/AHM-Monginis-13july/MonginisPatnaWebApi/target/classes:/home/ats-12/spring-tool-suite-3.9.0.RELEASE-e4.7.0-linux-gtk-x86_64/sts-bundle/sts-3.9.0.RELEASE/plugins/org.junit_4.12.0.v201504281640/junit.jar:/home/ats-12/spring-tool-suite-3.9.0.RELEASE-e4.7.0-linux-gtk-x86_64/sts-bundle/sts-3.9.0.RELEASE/plugins/org.hamcrest.core_1.3.0.v201303031735.jar:/home/ats-12/spring-tool-suite-3.9.0.RELEASE-e4.7.0-linux-gtk-x86_64/sts-bundle/pivotal-tc-server-developer-3.2.6.RELEASE/tomcat-8.5.15.C.RELEASE/lib/tomcat-util.jar:/home/ats-12/spring-tool-suite-3.9.0.RELEASE-e4.7.0-linux-gtk-x86_64/sts-bundle/pivotal-tc-server-developer-3.2.6.RELEASE/tomcat-8.5.15.C.RELEASE/lib/jaspic-api.jar:/home/ats-12/spring-tool-suite-3.9.0.RELEASE-e4.7.0-linux-gtk-x86_64/sts-bundle/pivotal-tc-server-developer-3.2.6.RELEASE/tomcat-8.5.15.C.RELEASE/lib/catalina-storeconfig.jar:/home/ats-12/spring-tool-suite-3.9.0.RELEASE-e4.7.0-linux-gtk-x86_64/sts-bundle/pivotal-tc-server-developer-3.2.6.RELEASE/tomcat-8.5.15.C.RELEASE/lib/catalina-tribes.jar:/ho
Launcher Type: SUN_STANDARD

Environment Variables:
PATH=/usr/local/sbin:/usr/local/bin:/usr/sbin:/usr/bin:/sbin:/bin:/usr/games:/usr/local/games:/snap/bin
USERNAME=ats-12
SHELL=/bin/bash
DISPLAY=:0

Signal Handlers:
SIGSEGV: [libjvm.so+0xaabe00], sa_mask[0]=11111111011111111101111111111110, sa_flags=SA_RESTART|SA_SIGINFO
SIGBUS: [libjvm.so+0xaabe00], sa_mask[0]=11111111011111111101111111111110, sa_flags=SA_RESTART|SA_SIGINFO
SIGFPE: [libjvm.so+0x8e1dd0], sa_mask[0]=11111111011111111101111111111110, sa_flags=SA_RESTART|SA_SIGINFO
SIGPIPE: [libjvm.so+0x8e1dd0], sa_mask[0]=11111111011111111101111111111110, sa_flags=SA_RESTART|SA_SIGINFO
SIGXFSZ: [libjvm.so+0x8e1dd0], sa_mask[0]=11111111011111111101111111111110, sa_flags=SA_RESTART|SA_SIGINFO
SIGILL: [libjvm.so+0x8e1dd0], sa_mask[0]=11111111011111111101111111111110, sa_flags=SA_RESTART|SA_SIGINFO
SIGUSR1: SIG_DFL, sa_mask[0]=00000000000000000000000000000000, sa_flags=none
SIGUSR2: [libjvm.so+0x8e1c80], sa_mask[0]=00100000000000000000000000000000, sa_flags=SA_RESTART|SA_SIGINFO
SIGHUP: [libjvm.so+0x8e2130], sa_mask[0]=11111111011111111101111111111110, sa_flags=SA_RESTART|SA_SIGINFO
SIGINT: [libjvm.so+0x8e2130], sa_mask[0]=11111111011111111101111111111110, sa_flags=SA_RESTART|SA_SIGINFO
SIGTERM: [libjvm.so+0x8e2130], sa_mask[0]=11111111011111111101111111111110, sa_flags=SA_RESTART|SA_SIGINFO
SIGQUIT: [libjvm.so+0x8e2130], sa_mask[0]=11111111011111111101111111111110, sa_flags=SA_RESTART|SA_SIGINFO


---------------  S Y S T E M  ---------------

OS:DISTRIB_ID=Ubuntu
DISTRIB_RELEASE=17.10
DISTRIB_CODENAME=artful
DISTRIB_DESCRIPTION="Ubuntu 17.10"

uname:Linux 4.13.0-46-generic #51-Ubuntu SMP Tue Jun 12 12:36:29 UTC 2018 x86_64
libc:glibc 2.26 NPTL 2.26 
rlimit: STACK 8192k, CORE 0k, NPROC 30508, NOFILE 4096, AS infinity
load average:4.34 2.59 1.53

/proc/meminfo:
MemTotal:        8057460 kB
MemFree:          124316 kB
MemAvailable:      57604 kB
Buffers:            4552 kB
Cached:           395848 kB
SwapCached:         2768 kB
Active:          6649472 kB
Inactive:         890476 kB
Active(anon):    6615240 kB
Inactive(anon):   845676 kB
Active(file):      34232 kB
Inactive(file):    44800 kB
Unevictable:         856 kB
Mlocked:             856 kB
SwapTotal:       2097148 kB
SwapFree:             76 kB
Dirty:               692 kB
Writeback:             0 kB
AnonPages:       7137860 kB
Mapped:           310080 kB
Shmem:            321232 kB
Slab:             173332 kB
SReclaimable:      69288 kB
SUnreclaim:       104044 kB
KernelStack:       18704 kB
PageTables:        98252 kB
NFS_Unstable:          0 kB
Bounce:                0 kB
WritebackTmp:          0 kB
CommitLimit:     6125876 kB
Committed_AS:   17442616 kB
VmallocTotal:   34359738367 kB
VmallocUsed:           0 kB
VmallocChunk:          0 kB
HardwareCorrupted:     0 kB
AnonHugePages:         0 kB
ShmemHugePages:        0 kB
ShmemPmdMapped:        0 kB
CmaTotal:              0 kB
CmaFree:               0 kB
HugePages_Total:       0
HugePages_Free:        0
HugePages_Rsvd:        0
HugePages_Surp:        0
Hugepagesize:       2048 kB
DirectMap4k:      386452 kB
DirectMap2M:     7890944 kB
DirectMap1G:           0 kB


CPU:total 4 (initial active 4) (2 cores per cpu, 2 threads per core) family 6 model 78 stepping 3, cmov, cx8, fxsr, mmx, sse, sse2, sse3, ssse3, sse4.1, sse4.2, popcnt, avx, avx2, aes, clmul, erms, 3dnowpref, lzcnt, ht, tsc, tscinvbit, bmi1, bmi2, adx

/proc/cpuinfo:
processor	: 0
vendor_id	: GenuineIntel
cpu family	: 6
model		: 78
model name	: Intel(R) Core(TM) i3-6006U CPU @ 2.00GHz
stepping	: 3
microcode	: 0xc2
cpu MHz		: 515.116
cache size	: 3072 KB
physical id	: 0
siblings	: 4
core id		: 0
cpu cores	: 2
apicid		: 0
initial apicid	: 0
fpu		: yes
fpu_exception	: yes
cpuid level	: 22
wp		: yes
flags		: fpu vme de pse tsc msr pae mce cx8 apic sep mtrr pge mca cmov pat pse36 clflush dts acpi mmx fxsr sse sse2 ss ht tm pbe syscall nx pdpe1gb rdtscp lm constant_tsc art arch_perfmon pebs bts rep_good nopl xtopology nonstop_tsc cpuid aperfmperf tsc_known_freq pni pclmulqdq dtes64 monitor ds_cpl vmx est tm2 ssse3 sdbg fma cx16 xtpr pdcm pcid sse4_1 sse4_2 x2apic movbe popcnt tsc_deadline_timer aes xsave avx f16c rdrand lahf_lm abm 3dnowprefetch cpuid_fault epb invpcid_single pti retpoline intel_pt rsb_ctxsw spec_ctrl tpr_shadow vnmi flexpriority ept vpid fsgsbase tsc_adjust bmi1 avx2 smep bmi2 erms invpcid mpx rdseed adx smap clflushopt xsaveopt xsavec xgetbv1 xsaves dtherm arat pln pts hwp hwp_notify hwp_act_window hwp_epp
bugs		: cpu_meltdown spectre_v1 spectre_v2 spec_store_bypass
bogomips	: 3984.00
clflush size	: 64
cache_alignment	: 64
address sizes	: 39 bits physical, 48 bits virtual
power management:

processor	: 1
vendor_id	: GenuineIntel
cpu family	: 6
model		: 78
model name	: Intel(R) Core(TM) i3-6006U CPU @ 2.00GHz
stepping	: 3
microcode	: 0xc2
cpu MHz		: 500.011
cache size	: 3072 KB
physical id	: 0
siblings	: 4
core id		: 1
cpu cores	: 2
apicid		: 2
initial apicid	: 2
fpu		: yes
fpu_exception	: yes
cpuid level	: 22
wp		: yes
flags		: fpu vme de pse tsc msr pae mce cx8 apic sep mtrr pge mca cmov pat pse36 clflush dts acpi mmx fxsr sse sse2 ss ht tm pbe syscall nx pdpe1gb rdtscp lm constant_tsc art arch_perfmon pebs bts rep_good nopl xtopology nonstop_tsc cpuid aperfmperf tsc_known_freq pni pclmulqdq dtes64 monitor ds_cpl vmx est tm2 ssse3 sdbg fma cx16 xtpr pdcm pcid sse4_1 sse4_2 x2apic movbe popcnt tsc_deadline_timer aes xsave avx f16c rdrand lahf_lm abm 3dnowprefetch cpuid_fault epb invpcid_single pti retpoline intel_pt rsb_ctxsw spec_ctrl tpr_shadow vnmi flexpriority ept vpid fsgsbase tsc_adjust bmi1 avx2 smep bmi2 erms invpcid mpx rdseed adx smap clflushopt xsaveopt xsavec xgetbv1 xsaves dtherm arat pln pts hwp hwp_notify hwp_act_window hwp_epp
bugs		: cpu_meltdown spectre_v1 spectre_v2 spec_store_bypass
bogomips	: 3984.00
clflush size	: 64
cache_alignment	: 64
address sizes	: 39 bits physical, 48 bits virtual
power management:

processor	: 2
vendor_id	: GenuineIntel
cpu family	: 6
model		: 78
model name	: Intel(R) Core(TM) i3-6006U CPU @ 2.00GHz
stepping	: 3
microcode	: 0xc2
cpu MHz		: 500.000
cache size	: 3072 KB
physical id	: 0
siblings	: 4
core id		: 0
cpu cores	: 2
apicid		: 1
initial apicid	: 1
fpu		: yes
fpu_exception	: yes
cpuid level	: 22
wp		: yes
flags		: fpu vme de pse tsc msr pae mce cx8 apic sep mtrr pge mca cmov pat pse36 clflush dts acpi mmx fxsr sse sse2 ss ht tm pbe syscall nx pdpe1gb rdtscp lm constant_tsc art arch_perfmon pebs bts rep_good nopl xtopology nonstop_tsc cpuid aperfmperf tsc_known_freq pni pclmulqdq dtes64 monitor ds_cpl vmx est tm2 ssse3 sdbg fma cx16 xtpr pdcm pcid sse4_1 sse4_2 x2apic movbe popcnt tsc_deadline_timer aes xsave avx f16c rdrand lahf_lm abm 3dnowprefetch cpuid_fault epb invpcid_single pti retpoline intel_pt rsb_ctxsw spec_ctrl tpr_shadow vnmi flexpriority ept vpid fsgsbase tsc_adjust bmi1 avx2 smep bmi2 erms invpcid mpx rdseed adx smap clflushopt xsaveopt xsavec xgetbv1 xsaves dtherm arat pln pts hwp hwp_notify hwp_act_window hwp_epp
bugs		: cpu_meltdown spectre_v1 spectre_v2 spec_store_bypass
bogomips	: 3984.00
clflush size	: 64
cache_alignment	: 64
address sizes	: 39 bits physical, 48 bits virtual
power management:

processor	: 3
vendor_id	: GenuineIntel
cpu family	: 6
model		: 78
model name	: Intel(R) Core(TM) i3-6006U CPU @ 2.00GHz
stepping	: 3
microcode	: 0xc2
cpu MHz		: 500.006
cache size	: 3072 KB
physical id	: 0
siblings	: 4
core id		: 1
cpu cores	: 2
apicid		: 3
initial apicid	: 3
fpu		: yes
fpu_exception	: yes
cpuid level	: 22
wp		: yes
flags		: fpu vme de pse tsc msr pae mce cx8 apic sep mtrr pge mca cmov pat pse36 clflush dts acpi mmx fxsr sse sse2 ss ht tm pbe syscall nx pdpe1gb rdtscp lm constant_tsc art arch_perfmon pebs bts rep_good nopl xtopology nonstop_tsc cpuid aperfmperf tsc_known_freq pni pclmulqdq dtes64 monitor ds_cpl vmx est tm2 ssse3 sdbg fma cx16 xtpr pdcm pcid sse4_1 sse4_2 x2apic movbe popcnt tsc_deadline_timer aes xsave avx f16c rdrand lahf_lm abm 3dnowprefetch cpuid_fault epb invpcid_single pti retpoline intel_pt rsb_ctxsw spec_ctrl tpr_shadow vnmi flexpriority ept vpid fsgsbase tsc_adjust bmi1 avx2 smep bmi2 erms invpcid mpx rdseed adx smap clflushopt xsaveopt xsavec xgetbv1 xsaves dtherm arat pln pts hwp hwp_notify hwp_act_window hwp_epp
bugs		: cpu_meltdown spectre_v1 spectre_v2 spec_store_bypass
bogomips	: 3984.00
clflush size	: 64
cache_alignment	: 64
address sizes	: 39 bits physical, 48 bits virtual
power management:



Memory: 4k page, physical 8057460k(124316k free), swap 2097148k(76k free)

vm_info: OpenJDK 64-Bit Server VM (25.171-b11) for linux-amd64 JRE (1.8.0_171-8u171-b11-0ubuntu0.17.10.1-b11), built on Apr 26 2018 15:59:34 by "buildd" with gcc 7.2.0

time: Wed Aug 28 17:40:08 2019
elapsed time: 64 seconds (0d 0h 1m 4s)

